{"message":{"ID":"60f84db47c811c5ce81262c6","EMAIL":"hxkjsdf@gmail.com","time":"21/7/2021 17:50:18"},"level":"info"}
{"message":{"ID":"60f859a5e0072338fc62573b","EMAIL":"hxkjsdf@gmail.com","time":"21/7/2021 18:20:27"},"level":"info"}
{"message":{"ID":"60f859a5e0072338fc62573b","EMAIL":"hxkjsdf@gmail.com","time":"21/7/2021 18:20:27"},"level":"info"}
{"message":{"ID":"60f859a5e0072338fc62573b","EMAIL":"hxkjsdf@gmail.com","time":"21/7/2021 18:20:27"},"level":"info"}
{"message":{"ID":"60f859a5e0072338fc62573b","EMAIL":"hxkjsdf@gmail.com","time":"21/7/2021 18:20:27"},"level":"info"}
{"message":{"ID":"60f859a5e0072338fc62573b","EMAIL":"hxkjsdf@gmail.com","time":"21/7/2021 18:33:3"},"level":"info"}
{"message":{"ID":"60f859a5e0072338fc62573b","EMAIL":"hxkjsdf@gmail.com","time":"21/7/2021 18:33:3"},"level":"info"}
{"message":{"ID":"60f859a5e0072338fc62573b","EMAIL":"hxkjsdf@gmail.com","time":"21/7/2021 18:33:3"},"level":"info"}
{"message":{"ID":"60f859a5e0072338fc62573b","EMAIL":"hxkjsdf@gmail.com","time":"21/7/2021 18:35:15"},"level":"info"}
{"message":{"ID":"60f859a5e0072338fc62573b","EMAIL":"hxkjsdf@gmail.com","time":"21/7/2021 18:35:15"},"level":"info"}
{"message":{"ID":"60f859a5e0072338fc62573b","EMAIL":"hxkjsdf@gmail.com","time":"21/7/2021 18:35:15"},"level":"info"}
{"message":{"ID":"60f85b91df229730285fd4f5","EMAIL":"aibiyassine8@gmail.com","time":"21/7/2021 18:37:57"},"level":"info"}
{"message":{"ID":"60f85b91df229730285fd4f5","EMAIL":"aibiyassine8@gmail.com","time":"21/7/2021 18:37:57"},"level":"info"}
{"message":{"ID":"60f85b91df229730285fd4f5","EMAIL":"aibiyassine8@gmail.com","time":"21/7/2021 18:37:57"},"level":"info"}
{"message":{"EMAIL":"aibiyassine8@gmail.com","error":"Email and password d'ont match !","time":"21/7/2021 18:37:57"},"level":"info"}
{"message":{"ID":"60f85b91df229730285fd4f5","EMAIL":"aibiyassine8@gmail.com","time":"21/7/2021 18:37:57"},"level":"info"}
{"message":{"ID":"60f85b91df229730285fd4f5","EMAIL":"aibiyassine8@gmail.com","time":"21/7/2021 18:42:24"},"level":"info"}
{"message":{"ID":"60f85b91df229730285fd4f5","EMAIL":"aibiyassine8@gmail.com","time":"21/7/2021 18:42:24"},"level":"info"}
{"message":{"ID":"60f85b91df229730285fd4f5","EMAIL":"aibiyassine8@gmail.com","time":"21/7/2021 18:43:44"},"level":"info"}
{"message":{"ID":"60f85b91df229730285fd4f5","EMAIL":"aibiyassine8@gmail.com","time":"21/7/2021 18:44:3"},"level":"info"}
{"message":{"ID":"60f85b91df229730285fd4f5","EMAIL":"aibiyassine8@gmail.com","time":"21/7/2021 19:6:12"},"level":"info"}
{"message":{"ID":"60f96e1b86a46455d046f5bc","EMAIL":"aibiyassine8@gmail.com","time":"22/7/2021 14:4:48"},"level":"info"}
{"message":{"ID":"60f96e1b86a46455d046f5bc","EMAIL":"aibiyassine8@gmail.com","time":"22/7/2021 14:11:23"},"level":"info"}
{"message":{"ID":"60fb5e667288ff5fc84a7252","EMAIL":"login@searchcept.com","time":"24/7/2021 1:23:14"},"level":"info"}
{"message":{"ID":"60fb5e667288ff5fc84a7252","EMAIL":"login@searchcept.com","time":"24/7/2021 1:23:14"},"level":"info"}
{"message":{"ID":"60fb5e667288ff5fc84a7252","EMAIL":"login@searchcept.com","time":"24/7/2021 1:23:14"},"level":"info"}
{"message":{"ID":"60fb5e667288ff5fc84a7252","EMAIL":"login@searchcept.com","time":"24/7/2021 1:41:4"},"level":"info"}
{"message":{"EMAIL":"login@searchcept.com","error":"Email and password d'ont match !","time":"24/7/2021 2:23:3"},"level":"info"}
{"message":{"EMAIL":"login@searchcept.com","error":"Email and password d'ont match !","time":"24/7/2021 2:23:3"},"level":"info"}
{"message":{"ID":"60fb5e667288ff5fc84a7252","EMAIL":"login@searchcept.com","time":"24/7/2021 2:23:3"},"level":"info"}
{"message":{"ID":"60fb5e667288ff5fc84a7252","EMAIL":"login@searchcept.com","time":"24/7/2021 2:23:3"},"level":"info"}
{"message":{"EMAIL":"loginVV@searchcept.com","error":"user not found ith this email, please sign up","time":"24/7/2021 2:30:50"},"level":"info"}
{"message":{"EMAIL":"login@searchcept.com","error":"Email and password d'ont match !","time":"24/7/2021 2:30:50"},"level":"info"}
{"message":{"ID":"60fb5e667288ff5fc84a7252","EMAIL":"login@searchcept.com","time":"24/7/2021 2:30:50"},"level":"info"}
{"message":{"EMAIL":"login@searchcept.com","error":"Email and password d'ont match !","time":"24/7/2021 2:34:44"},"level":"info"}
{"message":{"EMAIL":"login@searchcept.com","error":"Email and password d'ont match !","time":"24/7/2021 2:35:44"},"level":"info"}
{"message":{"ID":"60fb5e667288ff5fc84a7252","EMAIL":"login@searchcept.com","time":"24/7/2021 2:35:44"},"level":"info"}
{"message":{"ID":"60fb5e667288ff5fc84a7252","EMAIL":"login@searchcept.com","time":"25/7/2021 17:43:41"},"level":"info"}
{"message":{"ID":"60fb5e667288ff5fc84a7252","EMAIL":"login@searchcept.com","time":"25/7/2021 17:43:41"},"level":"info"}
{"message":{"ID":"60e9a2483233e511589721d2","EMAIL":"chemsayouragadir@gmail.com","time":"26/7/2021 23:53:58"},"level":"info"}
{"message":{"ID":"60e9a2483233e511589721d2","EMAIL":"chemsayouragadir@gmail.com","time":"26/7/2021 23:53:58"},"level":"info"}
{"message":{"ID":"60e9a2483233e511589721d2","EMAIL":"chemsayouragadir@gmail.com","time":"26/7/2021 23:53:58"},"level":"info"}
{"message":{"ID":"60e9a2483233e511589721d2","EMAIL":"chemsayouragadir@gmail.com","time":"26/7/2021 23:53:58"},"level":"info"}
{"message":{"ID":"60e9a2483233e511589721d2","EMAIL":"chemsayouragadir@gmail.com","time":"26/7/2021 23:53:58"},"level":"info"}
{"message":{"EMAIL":"Yassir.yassine@fairmont.com","error":"user not found ith this email, please sign up","time":"26/7/2021 23:53:58"},"level":"info"}
{"message":{"EMAIL":"Yassir.yassine@fairmont.com","error":"user not found ith this email, please sign up","time":"26/7/2021 23:53:58"},"level":"info"}
{"message":{"EMAIL":"Yassir.yassine@fairmont.com","error":"user not found ith this email, please sign up","time":"26/7/2021 23:53:58"},"level":"info"}
{"message":{"EMAIL":"yassir.yassine@fairmont.com","error":"user not found ith this email, please sign up","time":"26/7/2021 23:53:58"},"level":"info"}
{"message":{"EMAIL":"Yassir.yassine@fairmont.com","error":"user not found ith this email, please sign up","time":"26/7/2021 23:53:58"},"level":"info"}
{"message":{"ID":"60e9b79a4b5743fb637463a6","EMAIL":"Yassir.yassine@fairmont.com","time":"26/7/2021 23:53:58"},"level":"info"}
{"message":{"ID":"60e9c60a4b5743fb63746404","EMAIL":"GALAXYLOISIRS.AGA@GMAIL.COM","time":"26/7/2021 23:53:58"},"level":"info"}
{"message":{"ID":"60e9ce9d4b5743fb63746432","EMAIL":"agadirdolphin@yahoo.com","time":"26/7/2021 23:53:58"},"level":"info"}
{"message":{"ID":"60e9ce9d4b5743fb63746432","EMAIL":"agadirdolphin@yahoo.com","time":"26/7/2021 23:53:58"},"level":"info"}
{"message":{"ID":"60e9ce9d4b5743fb63746432","EMAIL":"agadirdolphin@yahoo.com","time":"26/7/2021 23:53:58"},"level":"info"}
{"message":{"ID":"60e9ce9d4b5743fb63746432","EMAIL":"agadirdolphin@yahoo.com","time":"26/7/2021 23:53:58"},"level":"info"}
{"message":{"ID":"60ea00415d7c5d300af8031c","EMAIL":"Contact@timetravelmorocco.com","time":"31/7/2021 14:49:57"},"level":"info"}
{"message":{"ID":"60ea00415d7c5d300af8031c","EMAIL":"Contact@timetravelmorocco.com","time":"31/7/2021 14:49:57"},"level":"info"}
{"message":{"ID":"6105bd9722aa622524dbcdee","EMAIL":"justForTestFromPut@gmail.com","time":"1/8/2021 13:33:37"},"level":"info"}
{"message":{"ID":"6105bd9722aa622524dbcdee","EMAIL":"justForTestFromPut@gmail.com","time":"1/8/2021 13:33:37"},"level":"info"}
{"message":{"ID":"6105bd9722aa622524dbcdee","EMAIL":"justForTestFromPut@gmail.com","time":"1/8/2021 13:33:37"},"level":"info"}
{"message":{"ID":"6105bd9722aa622524dbcdee","EMAIL":"justForTestFromPut@gmail.com","time":"1/8/2021 13:33:37"},"level":"info"}
{"message":{"EMAIL":"justForTestFromPut@gmail.com","error":"Email and password d'ont match !","time":"1/8/2021 13:33:37"},"level":"info"}
{"message":{"EMAIL":"justForTestFromPut@gmail.com","error":"Email and password d'ont match !","time":"1/8/2021 13:33:37"},"level":"info"}
{"message":{"EMAIL":"justForTestFromPut@gmail.com","error":"Email and password d'ont match !","time":"1/8/2021 13:33:37"},"level":"info"}
{"message":{"EMAIL":"justForTestFromPutTwo@gmail.com","error":"Email and password d'ont match !","time":"1/8/2021 13:33:37"},"level":"info"}
{"message":{"EMAIL":"justForTestFromPut@gmail.com","error":"user not found ith this email, please sign up","time":"1/8/2021 13:33:37"},"level":"info"}
{"message":{"ID":"6105bd9722aa622524dbcdee","EMAIL":"justForTestFromPutTwo@gmail.com","time":"1/8/2021 13:33:37"},"level":"info"}
{"message":{"ID":"6105bd9722aa622524dbcdee","EMAIL":"justForTestFromPutTwo@gmail.com","time":"1/8/2021 13:33:37"},"level":"info"}
{"message":{"EMAIL":"justForTestFromPutTwo@gmail.com","error":"Email and password d'ont match !","time":"1/8/2021 13:33:37"},"level":"info"}
{"message":{"EMAIL":"justForTestFromPutTwo@gmail.com","error":"Email and password d'ont match !","time":"1/8/2021 13:33:37"},"level":"info"}
{"message":{"EMAIL":"justForTestFromPutTwo@gmail.com","error":"Email and password d'ont match !","time":"1/8/2021 13:33:37"},"level":"info"}
{"message":{"EMAIL":"justForTestFromPutTwo@gmail.com","error":"Email and password d'ont match !","time":"1/8/2021 13:33:37"},"level":"info"}
{"message":{"EMAIL":"justForTestFromPutTwo@gmail.com","error":"user not found ith this email, please sign up","time":"1/8/2021 13:46:33"},"level":"info"}
{"message":{"EMAIL":"justForTestFromPutTwo@gmail.com","error":"user not found ith this email, please sign up","time":"1/8/2021 13:46:33"},"level":"info"}
{"message":{"EMAIL":"justForTestFromPut@gmail.com","error":"Email and password d'ont match !","time":"1/8/2021 13:46:33"},"level":"info"}
{"message":{"EMAIL":"justForTestFromPut@gmail.com","error":"Email and password d'ont match !","time":"1/8/2021 13:46:33"},"level":"info"}
{"message":{"EMAIL":"justForTestFromPut@gmail.com","error":"Email and password d'ont match !","time":"1/8/2021 13:51:52"},"level":"info"}
{"message":{"EMAIL":"justForTestFromPut@gmail.com","error":"Email and password d'ont match !","time":"1/8/2021 13:51:52"},"level":"info"}
{"message":{"EMAIL":"justForTestFromPut@gmail.com","error":"Email and password d'ont match !","time":"1/8/2021 13:51:52"},"level":"info"}
{"message":{"EMAIL":"justForTestFromPut@gmail.com","error":"Email and password d'ont match !","time":"1/8/2021 13:51:52"},"level":"info"}
{"message":{"EMAIL":"justForTestFromPut@gmail.com","error":"Email and password d'ont match !","time":"1/8/2021 13:51:52"},"level":"info"}
{"message":{"EMAIL":"justForTestFromPut@gmail.com","error":"Email and password d'ont match !","time":"1/8/2021 13:51:52"},"level":"info"}
{"message":{"EMAIL":"justForTestFromPut@gmail.com","error":"Email and password d'ont match !","time":"1/8/2021 13:51:52"},"level":"info"}
{"message":{"EMAIL":"justForTestFromPut@gmail.com","error":"Email and password d'ont match !","time":"1/8/2021 13:59:8"},"level":"info"}
{"message":{"EMAIL":"justForTestFromPut@gmail.com","error":"Email and password d'ont match !","time":"1/8/2021 13:59:8"},"level":"info"}
{"message":{"ID":"61069af9bed9fe3324f1663f","EMAIL":"justForTestFromPut@gmail.com","time":"1/8/2021 13:59:8"},"level":"info"}
{"message":{"ID":"61069af9bed9fe3324f1663f","EMAIL":"justForTestFromPut@gmail.com","time":"1/8/2021 13:59:8"},"level":"info"}
{"message":{"EMAIL":"justForTestFromPut@gmail.com","error":"Email and password d'ont match !","time":"1/8/2021 13:59:8"},"level":"info"}
{"message":{"EMAIL":"justForTestFromPut@gmail.com","error":"Email and password d'ont match !","time":"1/8/2021 13:59:8"},"level":"info"}
{"message":{"EMAIL":"justForTestFromPut@gmail.com","error":"Email and password d'ont match !","time":"1/8/2021 14:4:18"},"level":"info"}
{"message":{"EMAIL":"justForTestFromPut@gmail.com","error":"Email and password d'ont match !","time":"1/8/2021 14:4:18"},"level":"info"}
{"message":{"EMAIL":"justForTestFromPut@gmail.com","error":"Email and password d'ont match !","time":"1/8/2021 14:4:18"},"level":"info"}
{"message":{"ID":"61069af9bed9fe3324f1663f","EMAIL":"justForTestFromPut@gmail.com","time":"1/8/2021 14:4:18"},"level":"info"}
{"message":{"ID":"61069af9bed9fe3324f1663f","EMAIL":"justForTestFromPut@gmail.com","time":"1/8/2021 14:4:18"},"level":"info"}
{"message":{"ID":"61069af9bed9fe3324f1663f","EMAIL":"justForTestFromPut@gmail.com","time":"1/8/2021 14:4:18"},"level":"info"}
{"message":{"ID":"61069af9bed9fe3324f1663f","EMAIL":"justForTestFromPut@gmail.com","time":"1/8/2021 14:4:18"},"level":"info"}
{"message":{"ID":"61069af9bed9fe3324f1663f","EMAIL":"justForTestFromPut@gmail.com","time":"1/8/2021 14:4:18"},"level":"info"}
{"message":{"ID":"61069af9bed9fe3324f1663f","EMAIL":"justForTestFromPut@gmail.com","time":"1/8/2021 14:5:24"},"level":"info"}
{"message":{"ID":"61069af9bed9fe3324f1663f","EMAIL":"justForTestFromPut@gmail.com","time":"1/8/2021 14:5:24"},"level":"info"}
{"message":{"ID":"61069af9bed9fe3324f1663f","EMAIL":"justForTestFromPut@gmail.com","time":"1/8/2021 14:5:24"},"level":"info"}
{"message":{"ID":"61069af9bed9fe3324f1663f","EMAIL":"justForTestFromPut@gmail.com","time":"1/8/2021 14:5:47"},"level":"info"}
{"message":{"ID":"61069af9bed9fe3324f1663f","EMAIL":"justForTestFromPut@gmail.com","time":"1/8/2021 14:5:47"},"level":"info"}
{"message":{"ID":"61069af9bed9fe3324f1663f","EMAIL":"justForTestFromPut@gmail.com","time":"1/8/2021 14:8:9"},"level":"info"}
{"message":{"ID":"61069af9bed9fe3324f1663f","EMAIL":"justForTestFromPut@gmail.com","time":"1/8/2021 14:8:9"},"level":"info"}
{"message":{"EMAIL":"justForTestFromPut@gmail.com","error":"Email and password d'ont match !","time":"1/8/2021 14:9:4"},"level":"info"}
{"message":{"EMAIL":"justForTestFromPut@gmail.com","error":"Email and password d'ont match !","time":"1/8/2021 14:9:4"},"level":"info"}
{"message":{"EMAIL":"justForTestFromPut@gmail.com","error":"user not found ith this email, please sign up","time":"1/8/2021 14:14:55"},"level":"info"}
{"message":{"EMAIL":"justForTestFromPut@gmail.com","error":"user not found ith this email, please sign up","time":"1/8/2021 14:14:55"},"level":"info"}
{"message":{"EMAIL":"justForTestFromPut@gmail.com","error":"user not found ith this email, please sign up","time":"1/8/2021 14:14:55"},"level":"info"}
{"message":{"ID":"61069af9bed9fe3324f1663f","EMAIL":"justForTestFromPutTwo@gmail.com","time":"1/8/2021 14:14:55"},"level":"info"}
{"message":{"ID":"61069af9bed9fe3324f1663f","EMAIL":"justForTestFromPutTwo@gmail.com","time":"1/8/2021 14:14:55"},"level":"info"}
{"message":{"EMAIL":"justForTestFromPutTwo@gmail.com","error":"Email and password d'ont match !","time":"1/8/2021 14:14:55"},"level":"info"}
{"message":{"ID":"61069af9bed9fe3324f1663f","EMAIL":"justForTestFromPutTwo@gmail.com","time":"1/8/2021 14:14:55"},"level":"info"}
{"message":{"EMAIL":"justForTestFromPutTwo@gmail.com","error":"user not found ith this email, please sign up","time":"1/8/2021 14:14:55"},"level":"info"}
{"message":{"ID":"61069af9bed9fe3324f1663f","EMAIL":"aibiyassine8@gmail.com","time":"1/8/2021 14:14:55"},"level":"info"}
{"message":{"EMAIL":"aibiyassine8@gmail.com","error":"Email and password d'ont match !","time":"1/8/2021 14:14:55"},"level":"info"}
{"message":{"ID":"61069af9bed9fe3324f1663f","EMAIL":"aibiyassine8@gmail.com","time":"1/8/2021 14:14:55"},"level":"info"}
{"message":{"ID":"61069af9bed9fe3324f1663f","EMAIL":"aibiyassine8@gmail.com","time":"1/8/2021 14:14:55"},"level":"info"}
{"message":{"ID":"61069af9bed9fe3324f1663f","EMAIL":"aibiyassine8@gmail.com","time":"1/8/2021 14:14:55"},"level":"info"}
{"message":{"ID":"61069af9bed9fe3324f1663f","EMAIL":"aibiyassine8@gmail.com","time":"1/8/2021 14:14:55"},"level":"info"}
{"message":{"ID":"60e9a2483233e511589721d2","EMAIL":"chemsayouragadir@gmail.com","time":"1/8/2021 14:14:55"},"level":"info"}
{"message":{"ID":"60e9a2483233e511589721d2","EMAIL":"chemsayouragadir@gmail.com","time":"1/8/2021 14:14:55"},"level":"info"}
{"message":{"EMAIL":"aibiyassine8@gmail.com","error":"Email and password d'ont match !","time":"1/8/2021 14:35:40"},"level":"info"}
{"message":{"ID":"61069af9bed9fe3324f1663f","EMAIL":"aibiyassine8@gmail.com","time":"1/8/2021 14:35:40"},"level":"info"}
{"message":{"ID":"61069af9bed9fe3324f1663f","EMAIL":"aibiyassine8@gmail.com","time":"1/8/2021 14:35:40"},"level":"info"}
{"message":{"ID":"61069af9bed9fe3324f1663f","EMAIL":"aibiyassine8@gmail.com","time":"1/8/2021 14:35:40"},"level":"info"}
{"message":{"EMAIL":"aibiyassine8@gmail.com","error":"Email and password d'ont match !","time":"1/8/2021 14:35:40"},"level":"info"}
{"message":{"ID":"61069af9bed9fe3324f1663f","EMAIL":"aibiyassine8@gmail.com","time":"1/8/2021 14:35:40"},"level":"info"}
{"message":{"ID":"61069af9bed9fe3324f1663f","EMAIL":"aibiyassine8@gmail.com","time":"1/8/2021 14:35:40"},"level":"info"}
{"message":{"ID":"61069af9bed9fe3324f1663f","EMAIL":"aibiyassine8@gmail.com","time":"1/8/2021 14:35:40"},"level":"info"}
{"message":{"ID":"61069af9bed9fe3324f1663f","EMAIL":"aibiyassine8@gmail.com","time":"1/8/2021 14:35:40"},"level":"info"}
{"message":{"ID":"61069af9bed9fe3324f1663f","EMAIL":"searchcept@gmail.com","time":"1/8/2021 14:35:40"},"level":"info"}
{"message":{"EMAIL":"aibiyassine8@gmail.com","error":"user not found ith this email, please sign up","time":"1/8/2021 14:35:40"},"level":"info"}
{"message":{"ID":"61069af9bed9fe3324f1663f","EMAIL":"searchcept@gmail.com","time":"1/8/2021 14:35:40"},"level":"info"}
{"message":{"ID":"61069af9bed9fe3324f1663f","EMAIL":"justForTestFromPutTwo@gmail.com","time":"1/8/2021 17:33:14"},"level":"info"}
{"message":{"ID":"61069af9bed9fe3324f1663f","EMAIL":"aibiyassine8@gmail.com","time":"1/8/2021 17:33:14"},"level":"info"}
{"message":{"ID":"61069af9bed9fe3324f1663f","EMAIL":"aibiyassine8@gmail.com","time":"1/8/2021 17:33:14"},"level":"info"}
{"message":{"EMAIL":"searchcept@gmail.com","error":"user not found ith this email, please sign up","time":"1/8/2021 17:33:14"},"level":"info"}
{"message":{"EMAIL":"justForTestFromPutTwo@gmail.com","error":"user not found ith this email, please sign up","time":"1/8/2021 17:33:14"},"level":"info"}
{"message":{"ID":"61069af9bed9fe3324f1663f","EMAIL":"aibiyassine8@gmail.com","time":"1/8/2021 17:33:14"},"level":"info"}
{"message":{"EMAIL":"aibiyassin88@gmail.com","error":"user not found ith this email, please sign up","time":"17/8/2021 14:35:12"},"level":"info"}
{"message":{"EMAIL":"ard@gmail.com","error":"user not found ith this email, please sign up","time":"18/8/2021 12:13:15"},"level":"info"}
{"message":{"ID":"61219e4036f43ef97b7d53db","EMAIL":"aibiyassin8@gmail.com","time":"19/8/2021 12:46:22"},"level":"info"}
{"message":{"EMAIL":"aibiyassine8@gmail.com","error":"user not found ith this email, please sign up","time":"22/8/2021 3:42:46"},"level":"info"}
{"message":{"EMAIL":"aibiyassine8@gmail.com","error":"user not found ith this email, please sign up","time":"22/8/2021 3:42:46"},"level":"info"}
{"message":{"EMAIL":"aibiyassine8@gmail.com","error":"user not found ith this email, please sign up","time":"22/8/2021 3:42:46"},"level":"info"}
{"message":{"EMAIL":"aibiyassine8@gmail.com","error":"user not found ith this email, please sign up","time":"22/8/2021 3:42:46"},"level":"info"}
{"message":{"ID":"6121cab43b19d8d4bdc85c48","EMAIL":"aibiyassin8@gmail.com","time":"22/8/2021 3:42:46"},"level":"info"}
{"message":{"ID":"6121cab43b19d8d4bdc85c48","EMAIL":"aibiyassin8@gmail.com","time":"22/8/2021 3:42:46"},"level":"info"}
{"message":{"EMAIL":"aibiyassin8@gmail.com","error":"Email and password d'ont match !","time":"22/8/2021 4:7:32"},"level":"info"}
{"message":{"ID":"6121cab43b19d8d4bdc85c48","EMAIL":"aibiyassin8@gmail.com","time":"22/8/2021 4:7:32"},"level":"info"}
{"message":{"ID":"6121cab43b19d8d4bdc85c48","EMAIL":"aibiyassin8@gmail.com","time":"22/8/2021 4:7:32"},"level":"info"}
{"message":{"EMAIL":"aibiyassine8@gamil.com","error":"user not found ith this email, please sign up","time":"22/8/2021 4:7:32"},"level":"info"}
{"message":{"EMAIL":"aibiyassin8@gamil.com","error":"user not found ith this email, please sign up","time":"22/8/2021 4:7:32"},"level":"info"}
{"message":{"ID":"6121d4ac17d814d5eec4bf2e","EMAIL":"aibiyassine8@gmail.com","time":"22/8/2021 4:7:32"},"level":"info"}
{"message":{"ID":"6123c184d899c14557a8821e","EMAIL":"infos@flydesert.com","time":"23/8/2021 14:59:35"},"level":"info"}
{"message":{"ID":"6123c184d899c14557a8821e","EMAIL":"infos@flydesert.com","time":"23/8/2021 14:59:35"},"level":"info"}
{"message":{"ID":"6123c184d899c14557a8821e","EMAIL":"infos@flydesert.com","time":"23/8/2021 14:59:35"},"level":"info"}
{"message":{"EMAIL":"ard@gmail.com","error":"user not found ith this email, please sign up","time":"23/8/2021 14:59:35"},"level":"info"}
{"message":{"EMAIL":"infos@flydesert.com","error":"Email and password d'ont match !","time":"23/8/2021 14:59:35"},"level":"info"}
{"message":{"ID":"6123c184d899c14557a8821e","EMAIL":"infos@flydesert.com","time":"23/8/2021 14:59:35"},"level":"info"}
{"message":{"ID":"6123c184d899c14557a8821e","EMAIL":"infos@flydesert.com","time":"23/8/2021 19:52:51"},"level":"info"}
{"message":{"ID":"6124e3366ba7b8836a14a31b","EMAIL":"contact@aznagcarsagadir.com","time":"24/8/2021 13:9:59"},"level":"info"}
{"message":{"ID":"6124e3366ba7b8836a14a31b","EMAIL":"contact@aznagcarsagadir.com","time":"24/8/2021 13:9:59"},"level":"info"}
{"message":{"ID":"6124e3366ba7b8836a14a31b","EMAIL":"contact@aznagcarsagadir.com","time":"24/8/2021 13:9:59"},"level":"info"}
{"message":{"ID":"6124e3366ba7b8836a14a31b","EMAIL":"contact@aznagcarsagadir.com","time":"24/8/2021 13:9:59"},"level":"info"}
{"message":{"ID":"6124e3366ba7b8836a14a31b","EMAIL":"contact@aznagcarsagadir.com","time":"24/8/2021 13:9:59"},"level":"info"}
{"message":{"EMAIL":"login@searchcept.com","error":"user not found ith this email, please sign up","time":"24/8/2021 19:5:30"},"level":"info"}
{"message":{"ID":"6124e3366ba7b8836a14a31b","EMAIL":"contact@aznagcarsagadir.com","time":"24/8/2021 19:5:30"},"level":"info"}
{"message":{"ID":"60e9a2483233e511589721d2","EMAIL":"chemsayouragadir@gmail.com","time":"24/8/2021 20:15:3"},"level":"info"}
{"message":{"ID":"60e9c1554b5743fb637463c6","EMAIL":"agadirclubloisirs@gmail.com","time":"25/8/2021 19:32:5"},"level":"info"}
{"message":{"ID":"6124e6026ba7b8836a14a31c","EMAIL":"Contact@photosdefrance.com","time":"25/8/2021 19:32:5"},"level":"info"}
{"message":{"ID":"6128c1bbd0b0dce484e5c4e3","EMAIL":"ard@gmail.com","time":"27/8/2021 11:39:24"},"level":"info"}
{"message":{"ID":"6128c1bbd0b0dce484e5c4e3","EMAIL":"ard@gmail.com","time":"27/8/2021 12:4:21"},"level":"info"}
{"message":{"ID":"612915f526ac5b66164308df","EMAIL":"sunny.tours@rocketmail.com","time":"27/8/2021 12:4:21"},"level":"info"}
{"message":{"ID":"6128c1bbd0b0dce484e5c4e3","EMAIL":"ard@gmail.com","time":"27/8/2021 12:4:21"},"level":"info"}
{"message":{"ID":"6128c1bbd0b0dce484e5c4e3","EMAIL":"ard@gmail.com","time":"27/8/2021 12:4:21"},"level":"info"}
{"message":{"ID":"61292af926ac5b66164308e2","EMAIL":"aibiyassin8@gmail.com","time":"27/8/2021 12:4:21"},"level":"info"}
{"message":{"ID":"61292af926ac5b66164308e2","EMAIL":"aibiyassin8@gmail.com","time":"27/8/2021 12:4:21"},"level":"info"}
{"message":{"ID":"61292af926ac5b66164308e2","EMAIL":"aibiyassin8@gmail.com","time":"27/8/2021 12:4:21"},"level":"info"}
{"message":{"ID":"61292af926ac5b66164308e2","EMAIL":"justForTestFromPutTwo@gmail.com","time":"27/8/2021 12:4:21"},"level":"info"}
{"message":{"ID":"612933b126ac5b66164308e3","EMAIL":"aibiyassin8@gmail.com","time":"27/8/2021 12:4:21"},"level":"info"}
{"message":{"ID":"612933b126ac5b66164308e3","EMAIL":"aibiyassin8@gmail.com","time":"27/8/2021 12:4:21"},"level":"info"}
{"message":{"ID":"612933b126ac5b66164308e3","EMAIL":"aibiyassin8@gmail.com","time":"27/8/2021 12:4:21"},"level":"info"}
{"message":{"ID":"612933b126ac5b66164308e3","EMAIL":"aibiyassin8@gmail.com","time":"27/8/2021 12:4:21"},"level":"info"}
{"message":{"ID":"612933b126ac5b66164308e3","EMAIL":"aibiyassin8@gmail.com","time":"27/8/2021 12:4:21"},"level":"info"}
{"message":{"ID":"612933b126ac5b66164308e3","EMAIL":"aibiyassin8@gmail.com","time":"27/8/2021 12:4:21"},"level":"info"}
{"message":{"ID":"612933b126ac5b66164308e3","EMAIL":"aibiyassin8@gmail.com","time":"27/8/2021 19:30:7"},"level":"info"}
{"message":{"ID":"612933b126ac5b66164308e3","EMAIL":"aibiyassin8@gmail.com","time":"27/8/2021 19:34:31"},"level":"info"}
{"message":{"ID":"612933b126ac5b66164308e3","EMAIL":"aibiyassin8@gmail.com","time":"27/8/2021 19:42:33"},"level":"info"}
{"message":{"ID":"612933b126ac5b66164308e3","EMAIL":"aibiyassin8@gmail.com","time":"27/8/2021 19:42:33"},"level":"info"}
{"message":{"ID":"612933b126ac5b66164308e3","EMAIL":"aibiyassin8@gmail.com","time":"27/8/2021 19:42:33"},"level":"info"}
{"message":{"ID":"612933b126ac5b66164308e3","EMAIL":"aibiyassin8@gmail.com","time":"27/8/2021 19:42:33"},"level":"info"}
{"message":{"ID":"612933b126ac5b66164308e3","EMAIL":"aibiyassin8@gmail.com","time":"27/8/2021 19:42:33"},"level":"info"}
{"message":{"ID":"60e9a2483233e511589721d2","EMAIL":"chemsayouragadir@gmail.com","time":"27/8/2021 19:42:33"},"level":"info"}
{"message":{"ID":"60e9a2483233e511589721d2","EMAIL":"chemsayouragadir@gmail.com","time":"27/8/2021 19:42:33"},"level":"info"}
{"message":{"EMAIL":"justForTestFromPutTwo@gmail.com","error":"user not found ith this email, please sign up","time":"27/8/2021 19:42:33"},"level":"info"}
{"message":{"EMAIL":"justForTestFromPut@gmail.com","error":"user not found ith this email, please sign up","time":"27/8/2021 19:42:33"},"level":"info"}
{"message":{"EMAIL":"justForTestFromPutTwo@gmail.com","error":"user not found ith this email, please sign up","time":"27/8/2021 19:42:33"},"level":"info"}
{"message":{"EMAIL":"justForTestFromPut@gmail.com","error":"user not found ith this email, please sign up","time":"27/8/2021 19:42:33"},"level":"info"}
{"message":{"ID":"612933b126ac5b66164308e3","EMAIL":"aibiyassin8@gmail.com","time":"27/8/2021 19:42:33"},"level":"info"}
{"message":{"ID":"612d35731d303d4015c003dd","EMAIL":"login@searchcept.com","time":"30/8/2021 16:52:26"},"level":"info"}
{"message":{"EMAIL":"I.hachimi@domainevillatelimoune.com","error":"user not found ith this email, please sign up","time":"30/8/2021 16:52:26"},"level":"info"}
{"message":{"EMAIL":"I.hachimi@domainevillatelimoune.com","error":"user not found ith this email, please sign up","time":"30/8/2021 16:52:26"},"level":"info"}
{"message":{"EMAIL":"I.hachimi@domainevillatelimoune.com","error":"user not found ith this email, please sign up","time":"30/8/2021 16:52:26"},"level":"info"}
{"message":{"EMAIL":"I.hachimi@domainevillatelimoune.com","error":"user not found ith this email, please sign up","time":"30/8/2021 16:52:26"},"level":"info"}
{"message":{"ID":"6124caa95e559d576b12ba39","EMAIL":"Hotelmabroukcontact@gmail.com","time":"30/8/2021 16:52:26"},"level":"info"}
{"message":{"ID":"60ec28d177b83dc1089c5835","EMAIL":"h5242@sofitel.com","time":"30/8/2021 16:52:26"},"level":"info"}
{"message":{"EMAIL":"I.hachimi@domainevillatelimoune.com","error":"user not found ith this email, please sign up","time":"30/8/2021 16:52:26"},"level":"info"}
{"message":{"EMAIL":"I.hachimi@domainevillatelimoune.com","error":"user not found ith this email, please sign up","time":"30/8/2021 16:52:26"},"level":"info"}
{"message":{"EMAIL":"I.hachimi@domainevillatelimoune.com","error":"user not found ith this email, please sign up","time":"30/8/2021 16:52:26"},"level":"info"}
{"message":{"EMAIL":"I.hachimi@domainevillatelimoune.com","error":"user not found ith this email, please sign up","time":"30/8/2021 16:52:26"},"level":"info"}
{"message":{"ID":"60ed9211bb56c03e032d06f6","EMAIL":"mansouri.decameron@gmail.com","time":"30/8/2021 16:52:26"},"level":"info"}
{"message":{"EMAIL":"I.hachimi@domainevillatelimoune.com","error":"user not found ith this email, please sign up","time":"30/8/2021 16:52:26"},"level":"info"}
{"message":{"EMAIL":"I.hachimi@domainevillatelimoune.com","error":"user not found ith this email, please sign up","time":"30/8/2021 16:52:26"},"level":"info"}
{"message":{"EMAIL":"maroctimemission@gmail.com","error":"Email and password d'ont match !","time":"30/8/2021 16:52:26"},"level":"info"}
{"message":{"EMAIL":"maroctimemission@gmail.com","error":"Email and password d'ont match !","time":"30/8/2021 16:52:26"},"level":"info"}
{"message":{"ID":"60e9b79a4b5743fb637463a6","EMAIL":"Yassir.yassine@fairmont.com","time":"1/9/2021 12:42:22"},"level":"info"}
{"message":{"EMAIL":"I.hachimi@domainevillatelimoune.com","error":"user not found ith this email, please sign up","time":"1/9/2021 12:42:22"},"level":"info"}
{"message":{"EMAIL":"I.hachimi@domainevillatelimoune.com","error":"user not found ith this email, please sign up","time":"1/9/2021 12:42:22"},"level":"info"}
{"message":{"EMAIL":"I.hachimi@domainevillatelimoune.com","error":"user not found ith this email, please sign up","time":"1/9/2021 12:42:22"},"level":"info"}
{"message":{"EMAIL":"I.hachimi@domainevillatelimoune.com","error":"user not found ith this email, please sign up","time":"1/9/2021 12:42:22"},"level":"info"}
{"message":{"EMAIL":"I.hachimi@domainevillatelimoune.com","error":"user not found ith this email, please sign up","time":"1/9/2021 12:42:22"},"level":"info"}
{"message":{"EMAIL":"I.hachimi@domainevillatelimoune.com","error":"Email and password d'ont match !","time":"1/9/2021 12:42:22"},"level":"info"}
{"message":{"EMAIL":"I.hachimi@domainevillatelimoune.com","error":"Email and password d'ont match !","time":"1/9/2021 12:48:4"},"level":"info"}
{"message":{"ID":"60ed8935bb56c03e032d06f0","EMAIL":"I.hachimi@domainevillatelimoune.com","time":"1/9/2021 12:48:4"},"level":"info"}
{"message":{"ID":"60ed8935bb56c03e032d06f0","EMAIL":"I.hachimi@domainevillatelimoune.com","time":"1/9/2021 12:48:54"},"level":"info"}
{"message":{"ID":"60ed8935bb56c03e032d06f0","EMAIL":"I.hachimi@domainevillatelimoune.com","time":"1/9/2021 12:55:28"},"level":"info"}
{"message":{"ID":"60ed8935bb56c03e032d06f0","EMAIL":"I.hachimi@domainevillatelimoune.com","time":"1/9/2021 12:55:28"},"level":"info"}
{"message":{"ID":"6124d34da88f4f8187bd2528","EMAIL":"Contact@theyogisurfer.com","time":"13/9/2021 13:33:41"},"level":"info"}
{"message":{"ID":"6124d34da88f4f8187bd2528","EMAIL":"Contact@theyogisurfer.com","time":"13/9/2021 13:33:41"},"level":"info"}
{"message":{"ID":"6124d34da88f4f8187bd2528","EMAIL":"Contact@theyogisurfer.com","time":"13/9/2021 13:33:41"},"level":"info"}
{"message":{"ID":"6124d34da88f4f8187bd2528","EMAIL":"Contact@theyogisurfer.com","time":"13/9/2021 20:56:35"},"level":"info"}
{"message":{"ID":"6124d34da88f4f8187bd2528","EMAIL":"Contact@theyogisurfer.com","time":"13/9/2021 20:56:35"},"level":"info"}
{"message":{"EMAIL":"Contacttest@theyogisurfertest.com","error":"user not found ith this email, please sign up","time":"13/9/2021 20:56:35"},"level":"info"}
{"message":{"EMAIL":"login@searchcept.com","error":"Email and password d'ont match !","time":"13/9/2021 20:56:35"},"level":"info"}
{"message":{"ID":"613fa7237bdca89e0838aa36","EMAIL":"login@searchcept.com","time":"13/9/2021 20:56:35"},"level":"info"}
{"message":{"EMAIL":"Contact@theyogisurfer.com","error":"Email and password d'ont match !","time":"13/9/2021 20:56:35"},"level":"info"}
{"message":{"EMAIL":"Contact@theyogisurfertest.com","error":"user not found ith this email, please sign up","time":"13/9/2021 21:27:17"},"level":"info"}
{"message":{"EMAIL":"Contact@theyogisurfertest.com","error":"user not found ith this email, please sign up","time":"13/9/2021 21:27:17"},"level":"info"}
{"message":{"EMAIL":"Contact@theyogisurfer.com","error":"Email and password d'ont match !","time":"13/9/2021 21:27:17"},"level":"info"}
{"message":{"EMAIL":"Contact@theyogisurfer.com","error":"Email and password d'ont match !","time":"13/9/2021 21:27:17"},"level":"info"}
{"message":{"EMAIL":"Contact@theyogisurfer.com","error":"Email and password d'ont match !","time":"13/9/2021 21:27:17"},"level":"info"}
{"message":{"EMAIL":"Contact@theyogisurfer.com","error":"Email and password d'ont match !","time":"13/9/2021 21:33:55"},"level":"info"}
{"message":{"EMAIL":"Contact@theyogisurfertest.com","error":"user not found ith this email, please sign up","time":"13/9/2021 21:33:55"},"level":"info"}
{"message":{"ID":"6124d34da88f4f8187bd2528","EMAIL":"Contact@theyogisurfer.com","time":"13/9/2021 21:33:55"},"level":"info"}
{"message":{"ID":"6124d34da88f4f8187bd2528","EMAIL":"Contact@theyogisurfer.com","time":"13/9/2021 21:33:55"},"level":"info"}
{"message":{"EMAIL":"justfortesttttdjj@gmail.com","error":"user not found ith this email, please sign up","time":"19/9/2021 18:31:58"},"level":"info"}
{"message":{"ID":"61478e8d3b2bde509c3ddff4","EMAIL":"aibiyassinee29@gmail.com","time":"19/9/2021 18:31:58"},"level":"info"}
{"message":{"ID":"61478e8d3b2bde509c3ddff4","EMAIL":"aibiyassinee29@gmail.com","time":"19/9/2021 18:31:58"},"level":"info"}
{"message":{"ID":"61479223468c6c58c8a5b44c","EMAIL":"aibiyassinee8@gmail.com","time":"19/9/2021 20:37:22"},"level":"info"}
{"message":{"ID":"61479668468c6c58c8a5b44d","EMAIL":"aibiyassinee29@gmail.com","time":"19/9/2021 20:37:22"},"level":"info"}
{"message":{"ID":"61479668468c6c58c8a5b44d","EMAIL":"aibiyassinee29@gmail.com","time":"19/9/2021 20:37:22"},"level":"info"}
{"message":{"ID":"61479668468c6c58c8a5b44d","EMAIL":"aibiyassinee29@gmail.com","time":"19/9/2021 21:5:34"},"level":"info"}
{"message":{"ID":"61479668468c6c58c8a5b44d","EMAIL":"aibiyassinee29@gmail.com","time":"19/9/2021 21:5:34"},"level":"info"}
{"message":{"ID":"61479668468c6c58c8a5b44d","EMAIL":"aibiyassinee29@gmail.com","time":"19/9/2021 21:5:34"},"level":"info"}
{"message":{"ID":"61479668468c6c58c8a5b44d","EMAIL":"aibiyassinee29@gmail.com","time":"19/9/2021 21:5:34"},"level":"info"}
{"message":{"ID":"61479668468c6c58c8a5b44d","EMAIL":"aibiyassinee29@gmail.com","time":"19/9/2021 21:5:34"},"level":"info"}
{"message":{"ID":"61479668468c6c58c8a5b44d","EMAIL":"aibiyassinee29@gmail.com","time":"19/9/2021 21:5:34"},"level":"info"}
{"message":{"ID":"61479668468c6c58c8a5b44d","EMAIL":"aibiyassinee29@gmail.com","time":"19/9/2021 21:5:34"},"level":"info"}
{"message":{"ID":"61479668468c6c58c8a5b44d","EMAIL":"aibiyassinee29@gmail.com","time":"19/9/2021 21:5:34"},"level":"info"}
{"message":{"ID":"61479223468c6c58c8a5b44c","EMAIL":"aibiyassinee8@gmail.com","time":"19/9/2021 21:5:34"},"level":"info"}
{"message":{"ID":"61479668468c6c58c8a5b44d","EMAIL":"aibiyassinee29@gmail.com","time":"19/9/2021 21:5:34"},"level":"info"}
{"message":{"ID":"61479668468c6c58c8a5b44d","EMAIL":"aibiyassinee29@gmail.com","time":"19/9/2021 21:5:34"},"level":"info"}
{"message":{"ID":"61479668468c6c58c8a5b44d","EMAIL":"aibiyassinee29@gmail.com","time":"19/9/2021 21:5:34"},"level":"info"}
{"message":{"ID":"61479668468c6c58c8a5b44d","EMAIL":"aibiyassinee29@gmail.com","time":"19/9/2021 21:5:34"},"level":"info"}
{"message":{"ID":"61479668468c6c58c8a5b44d","EMAIL":"aibiyassinee29@gmail.com","time":"19/9/2021 21:5:34"},"level":"info"}
{"message":{"ID":"61479668468c6c58c8a5b44d","EMAIL":"aibiyassinee29@gmail.com","time":"19/9/2021 21:5:34"},"level":"info"}
{"message":{"ID":"61479668468c6c58c8a5b44d","EMAIL":"aibiyassinee29@gmail.com","time":"19/9/2021 21:5:34"},"level":"info"}
{"message":{"EMAIL":"aibiyassinee29@gmail.com","error":"user not found ith this email, please sign up","time":"19/9/2021 21:5:34"},"level":"info"}
{"message":{"EMAIL":"aibiyassinee29@gmail.com","error":"user not found ith this email, please sign up","time":"19/9/2021 21:5:34"},"level":"info"}
{"message":{"EMAIL":"aibiyassinee29@gmail.com","error":"user not found ith this email, please sign up","time":"19/9/2021 21:5:34"},"level":"info"}
{"message":{"EMAIL":"aibiyassinee29@gmail.com","error":"user not found ith this email, please sign up","time":"19/9/2021 21:5:34"},"level":"info"}
{"message":{"ID":"61479668468c6c58c8a5b44d","EMAIL":"aibiyassine29@gmail.com","time":"19/9/2021 21:5:34"},"level":"info"}
{"message":{"ID":"61479668468c6c58c8a5b44d","EMAIL":"aibiyassine29@gmail.com","time":"19/9/2021 21:5:34"},"level":"info"}
{"message":{"EMAIL":"aibiyassinee29@gmail.com","error":"user not found ith this email, please sign up","time":"19/9/2021 22:20:0"},"level":"info"}
{"message":{"ID":"61479668468c6c58c8a5b44d","EMAIL":"aibiyassine29@gmail.com","time":"19/9/2021 22:20:0"},"level":"info"}
{"message":{"EMAIL":"aibiyassinee29@gmail.com","error":"user not found ith this email, please sign up","time":"19/9/2021 22:20:0"},"level":"info"}
{"message":{"ID":"61479668468c6c58c8a5b44d","EMAIL":"aibiyassine29@gmail.com","time":"19/9/2021 22:20:0"},"level":"info"}
{"message":{"EMAIL":"aibiyassine8@gmail.com","error":"user not found ith this email, please sign up","time":"19/9/2021 22:20:0"},"level":"info"}
{"message":{"ID":"61479223468c6c58c8a5b44c","EMAIL":"aibiyassinee8@gmail.com","time":"19/9/2021 22:20:0"},"level":"info"}
{"message":{"ID":"61479223468c6c58c8a5b44c","EMAIL":"aibiyassinee8@gmail.com","time":"19/9/2021 22:20:0"},"level":"info"}
{"message":{"EMAIL":"aibiyassinee8@gmail.com","error":"user not found ith this email, please sign up","time":"19/9/2021 22:20:0"},"level":"info"}
{"message":{"EMAIL":"aibiyassine8@gmail.com","error":"user not found ith this email, please sign up","time":"19/9/2021 22:20:0"},"level":"info"}
{"message":{"ID":"61479223468c6c58c8a5b44c","EMAIL":"aibiyassine29@gmail.com","time":"19/9/2021 22:20:0"},"level":"info"}
{"message":{"ID":"61479223468c6c58c8a5b44c","EMAIL":"aibiyassine29@gmail.com","time":"19/9/2021 22:20:0"},"level":"info"}
{"message":{"ID":"61479223468c6c58c8a5b44c","EMAIL":"aibiyassine29@gmail.com","time":"19/9/2021 22:20:0"},"level":"info"}
{"message":{"ID":"61479223468c6c58c8a5b44c","EMAIL":"aibiyassine29@gmail.com","time":"19/9/2021 22:20:0"},"level":"info"}
{"message":{"ID":"61479223468c6c58c8a5b44c","EMAIL":"aibiyassine29@gmail.com","time":"19/9/2021 22:20:0"},"level":"info"}
{"message":{"ID":"61479223468c6c58c8a5b44c","EMAIL":"aibiyassine29@gmail.com","time":"20/9/2021 1:11:21"},"level":"info"}
{"message":{"ID":"61479223468c6c58c8a5b44c","EMAIL":"aibiyassine29@gmail.com","time":"20/9/2021 1:11:21"},"level":"info"}
{"message":{"ID":"61479223468c6c58c8a5b44c","EMAIL":"aibiyassine29@gmail.com","time":"20/9/2021 1:11:21"},"level":"info"}
{"message":{"ID":"61479223468c6c58c8a5b44c","EMAIL":"aibiyassine29@gmail.com","time":"20/9/2021 1:11:21"},"level":"info"}
{"message":{"ID":"61479223468c6c58c8a5b44c","EMAIL":"aibiyassine29@gmail.com","time":"20/9/2021 1:11:21"},"level":"info"}
{"message":{"ID":"61479223468c6c58c8a5b44c","EMAIL":"aibiyassine29@gmail.com","time":"20/9/2021 1:11:21"},"level":"info"}
{"message":{"ID":"61479223468c6c58c8a5b44c","EMAIL":"aibiyassine29@gmail.com","time":"20/9/2021 1:11:21"},"level":"info"}
{"message":{"ID":"61479223468c6c58c8a5b44c","EMAIL":"aibiyassine29@gmail.com","time":"20/9/2021 1:11:21"},"level":"info"}
{"message":{"ID":"61479223468c6c58c8a5b44c","EMAIL":"aibiyassine29@gmail.com","time":"20/9/2021 1:11:21"},"level":"info"}
{"message":{"ID":"61479223468c6c58c8a5b44c","EMAIL":"aibiyassine29@gmail.com","time":"20/9/2021 1:11:21"},"level":"info"}
{"message":{"ID":"61479223468c6c58c8a5b44c","EMAIL":"aibiyassine29@gmail.com","time":"20/9/2021 1:11:21"},"level":"info"}
{"message":{"ID":"61479223468c6c58c8a5b44c","EMAIL":"aibiyassine29@gmail.com","time":"20/9/2021 1:11:21"},"level":"info"}
{"message":{"ID":"61479223468c6c58c8a5b44c","EMAIL":"aibiyassine29@gmail.com","time":"20/9/2021 1:11:21"},"level":"info"}
{"message":{"ID":"61479223468c6c58c8a5b44c","EMAIL":"aibiyassine29@gmail.com","time":"20/9/2021 1:11:21"},"level":"info"}
{"message":{"ID":"61479223468c6c58c8a5b44c","EMAIL":"aibiyassine29@gmail.com","time":"20/9/2021 12:17:32"},"level":"info"}
{"message":{"ID":"61479223468c6c58c8a5b44c","EMAIL":"aibiyassine29@gmail.com","time":"25/9/2021 13:7:30"},"level":"info"}
{"message":{"ID":"61479223468c6c58c8a5b44c","EMAIL":"aibiyassine29@gmail.com","time":"25/9/2021 13:7:30"},"level":"info"}
{"message":{"EMAIL":"aibiyassin8@gmail.com","error":"user not found ith this email, please sign up","time":"25/9/2021 13:7:30"},"level":"info"}
{"message":{"EMAIL":"aibiyassin29@gmail.com","error":"user not found ith this email, please sign up","time":"25/9/2021 13:7:30"},"level":"info"}
{"message":{"ID":"61479223468c6c58c8a5b44c","EMAIL":"aibiyassine29@gmail.com","time":"25/9/2021 13:7:30"},"level":"info"}
{"message":{"ID":"61479223468c6c58c8a5b44c","EMAIL":"aibiyassine29@gmail.com","time":"26/9/2021 10:36:44"},"level":"info"}
{"message":{"ID":"61479223468c6c58c8a5b44c","EMAIL":"aibiyassine29@gmail.com","time":"26/9/2021 10:36:44"},"level":"info"}
{"message":{"ID":"615044e4f1d7cf40a4ae8957","EMAIL":"aibiyassine29@gmail.com","time":"26/9/2021 10:56:37"},"level":"info"}
{"message":{"EMAIL":"aibiyassine29@gmail.com","error":"Email and password d'ont match !","time":"26/9/2021 10:56:37"},"level":"info"}
{"message":{"EMAIL":"aibiyassine29@gmail.co","error":"user not found ith this email, please sign up","time":"26/9/2021 10:56:37"},"level":"info"}
{"message":{"ID":"615044e4f1d7cf40a4ae8957","EMAIL":"aibiyassine29@gmail.com","time":"26/9/2021 10:56:37"},"level":"info"}
{"message":{"ID":"615047df060f910d0c0554a5","EMAIL":"aibiyassine29@gmail.com","time":"26/9/2021 11:16:40"},"level":"info"}
{"message":{"ID":"615047df060f910d0c0554a5","EMAIL":"aibiyassine29@gmail.com","time":"26/9/2021 11:16:40"},"level":"info"}
{"message":{"ID":"615047df060f910d0c0554a5","EMAIL":"aibiyassine29@gmail.com","time":"26/9/2021 11:16:40"},"level":"info"}
{"message":{"ID":"615047df060f910d0c0554a5","EMAIL":"aibiyassine29@gmail.com","time":"26/9/2021 11:16:40"},"level":"info"}
{"message":{"ID":"615047df060f910d0c0554a5","EMAIL":"aibiyassine29@gmail.com","time":"26/9/2021 11:16:40"},"level":"info"}
{"message":{"ID":"615047df060f910d0c0554a5","EMAIL":"aibiyassine29@gmail.com","time":"26/9/2021 11:16:40"},"level":"info"}
{"message":{"ID":"615047df060f910d0c0554a5","EMAIL":"aibiyassine29@gmail.com","time":"26/9/2021 11:16:40"},"level":"info"}
{"message":{"ID":"615047df060f910d0c0554a5","EMAIL":"aibiyassine29@gmail.com","time":"26/9/2021 11:16:40"},"level":"info"}
{"message":{"ID":"615047df060f910d0c0554a5","EMAIL":"aibiyassine29@gmail.com","time":"26/9/2021 11:16:40"},"level":"info"}
{"message":{"ID":"615047df060f910d0c0554a5","EMAIL":"aibiyassine29@gmail.com","time":"26/9/2021 12:51:14"},"level":"info"}
{"message":{"ID":"615047df060f910d0c0554a5","EMAIL":"aibiyassine29@gmail.com","time":"26/9/2021 12:51:14"},"level":"info"}
{"message":{"EMAIL":"login@searchcept.com","error":"user not found ith this email, please sign up","time":"26/9/2021 12:51:14"},"level":"info"}
{"message":{"ID":"615047df060f910d0c0554a5","EMAIL":"aibiyassine29@gmail.com","time":"26/9/2021 12:51:14"},"level":"info"}
{"message":{"ID":"615047df060f910d0c0554a5","EMAIL":"aibiyassine29@gmail.com","time":"26/9/2021 12:51:14"},"level":"info"}
{"message":{"EMAIL":"login@searchcept.com","error":"user not found ith this email, please sign up","time":"26/9/2021 12:51:14"},"level":"info"}
{"message":{"ID":"614f16b3cd473a2a5c570bde","EMAIL":"aibiyassine8@gmail.com","time":"26/9/2021 12:51:14"},"level":"info"}
{"message":{"ID":"614f16b3cd473a2a5c570bde","EMAIL":"aibiyassine8@gmail.com","time":"26/9/2021 12:51:14"},"level":"info"}
{"message":{"ID":"614f16b3cd473a2a5c570bde","EMAIL":"aibiyassine8@gmail.com","time":"26/9/2021 14:32:4"},"level":"info"}
{"message":{"ID":"614f16b3cd473a2a5c570bde","EMAIL":"aibiyassine8@gmail.com","time":"26/9/2021 14:34:21"},"level":"info"}
{"message":{"ID":"614f16b3cd473a2a5c570bde","EMAIL":"aibiyassine8@gmail.com","time":"26/9/2021 14:38:7"},"level":"info"}
{"message":{"ID":"614f16b3cd473a2a5c570bde","EMAIL":"aibiyassine8@gmail.com","time":"26/9/2021 14:38:7"},"level":"info"}
{"message":{"ID":"614f16b3cd473a2a5c570bde","EMAIL":"aibiyassine8@gmail.com","time":"26/9/2021 14:38:7"},"level":"info"}
{"message":{"ID":"614f16b3cd473a2a5c570bde","EMAIL":"aibiyassine8@gmail.com","time":"26/9/2021 14:38:7"},"level":"info"}
{"message":{"ID":"614f16b3cd473a2a5c570bde","EMAIL":"aibiyassine8@gmail.com","time":"26/9/2021 14:38:7"},"level":"info"}
{"message":{"ID":"614f16b3cd473a2a5c570bde","EMAIL":"aibiyassine8@gmail.com","time":"26/9/2021 17:17:43"},"level":"info"}
{"message":{"EMAIL":"aibiyassine8@gmail.com","error":"user not found ith this email, please sign up","time":"26/9/2021 17:21:39"},"level":"info"}
{"message":{"ID":"61509e9951e6983490e5765e","EMAIL":"aibiyassine8@gmail.com","time":"26/9/2021 17:21:39"},"level":"info"}
{"message":{"ID":"61509e9951e6983490e5765e","EMAIL":"aibiyassine8@gmail.com","time":"26/9/2021 17:21:39"},"level":"info"}
{"message":{"EMAIL":"aibiyassine8@gmail.com","error":"user not found ith this email, please sign up","time":"26/9/2021 17:21:39"},"level":"info"}
{"message":{"EMAIL":"aibiyassine8@gmail.com","error":"user not found ith this email, please sign up","time":"26/9/2021 17:21:39"},"level":"info"}
{"message":{"EMAIL":"aibiyassine8@gmail.com","error":"user not found ith this email, please sign up","time":"26/9/2021 17:21:39"},"level":"info"}
{"message":{"EMAIL":"aibiyassine8@gmail.com","error":"user not found ith this email, please sign up","time":"26/9/2021 17:21:39"},"level":"info"}
{"message":{"EMAIL":"aibiyassine8@gmail.com","error":"user not found ith this email, please sign up","time":"26/9/2021 17:21:39"},"level":"info"}
{"message":{"EMAIL":"aibiyassine8@gmail.com","error":"user not found ith this email, please sign up","time":"26/9/2021 17:21:39"},"level":"info"}
{"message":{"EMAIL":"aibiyassine8@gmail.com","error":"user not found ith this email, please sign up","time":"26/9/2021 17:21:39"},"level":"info"}
{"message":{"EMAIL":"aibiyassin8@gmail.com","error":"user not found ith this email, please sign up","time":"26/9/2021 17:21:39"},"level":"info"}
{"message":{"ID":"61509e9951e6983490e5765e","EMAIL":"aibiyassine8@gmail.com","time":"26/9/2021 17:30:23"},"level":"info"}
{"message":{"EMAIL":"aibiyassine8@gmail.com","error":"user not found ith this email, please sign up","time":"26/9/2021 17:30:23"},"level":"info"}
{"message":{"ID":"61509e9951e6983490e5765e","EMAIL":"aibiyassine8@gmail.com","time":"26/9/2021 17:40:28"},"level":"info"}
{"message":{"ID":"61509e9951e6983490e5765e","EMAIL":"aibiyassine8@gmail.com","time":"26/9/2021 17:40:28"},"level":"info"}
{"message":{"ID":"61509e9951e6983490e5765e","EMAIL":"aibiyassine8@gmail.com","time":"26/9/2021 17:40:28"},"level":"info"}
{"message":{"EMAIL":"ard@gmail.com","error":"user not found ith this email, please sign up","time":"2/10/2021 21:24:16"},"level":"info"}
{"message":{"EMAIL":"aibiyassin8@gmail.com","error":"user not found ith this email, please sign up","time":"2/10/2021 21:24:16"},"level":"info"}
{"message":{"EMAIL":"aibiyassin8@gmail.com","error":"user not found ith this email, please sign up","time":"2/10/2021 21:24:16"},"level":"info"}
{"message":{"EMAIL":"aibiyassin8@gmail.com","error":"user not found ith this email, please sign up","time":"2/10/2021 21:24:16"},"level":"info"}
{"message":{"EMAIL":"aibiyassine8@gmail.com","error":"user not found ith this email, please sign up","time":"2/10/2021 21:24:16"},"level":"info"}
{"message":{"EMAIL":"aibiyassine8@gmail.com","error":"user not found ith this email, please sign up","time":"2/10/2021 21:24:16"},"level":"info"}
{"message":{"ID":"6158c1dde53395222c5db7ae","EMAIL":"aibiyassine8@gmail.com","time":"2/10/2021 21:24:16"},"level":"info"}
{"message":{"ID":"61509e9951e6983490e5765e","EMAIL":"aibiyassine8@gmail.com","time":"2/10/2021 21:35:29"},"level":"info"}
{"message":{"ID":"61509e9951e6983490e5765e","EMAIL":"aibiyassine8@gmail.com","time":"2/10/2021 21:35:29"},"level":"info"}
{"message":{"ID":"61509e9951e6983490e5765e","EMAIL":"aibiyassine8@gmail.com","time":"2/10/2021 21:35:29"},"level":"info"}
{"message":{"ID":"61509e9951e6983490e5765e","EMAIL":"aibiyassine8@gmail.com","time":"2/10/2021 21:35:29"},"level":"info"}
{"message":{"ID":"61509e9951e6983490e5765e","EMAIL":"aibiyassine8@gmail.com","time":"2/10/2021 21:35:29"},"level":"info"}
{"message":{"ID":"61509e9951e6983490e5765e","EMAIL":"aibiyassine8@gmail.com","time":"2/10/2021 21:35:29"},"level":"info"}
{"message":{"ID":"61509e9951e6983490e5765e","EMAIL":"aibiyassine8@gmail.com","time":"2/10/2021 21:35:29"},"level":"info"}
{"message":{"ID":"61509e9951e6983490e5765e","EMAIL":"aibiyassine8@gmail.com","time":"2/10/2021 21:35:29"},"level":"info"}
{"message":{"ID":"61509e9951e6983490e5765e","EMAIL":"aibiyassine8@gmail.com","time":"2/10/2021 21:35:29"},"level":"info"}
{"message":{"ID":"61509e9951e6983490e5765e","EMAIL":"aibiyassine8@gmail.com","time":"2/10/2021 21:35:29"},"level":"info"}
{"message":{"ID":"61509e9951e6983490e5765e","EMAIL":"aibiyassine8@gmail.com","time":"2/10/2021 21:35:29"},"level":"info"}
{"message":{"ID":"61509e9951e6983490e5765e","EMAIL":"aibiyassine8@gmail.com","time":"2/10/2021 21:35:29"},"level":"info"}
{"message":{"ID":"61509e9951e6983490e5765e","EMAIL":"aibiyassine8@gmail.com","time":"2/10/2021 22:22:50"},"level":"info"}
{"message":{"ID":"61509e9951e6983490e5765e","EMAIL":"aibiyassine8@gmail.com","time":"2/10/2021 22:22:50"},"level":"info"}
{"message":{"EMAIL":"aibiyassine8@gmail.com","error":"Email and password d'ont match !","time":"2/10/2021 22:22:50"},"level":"info"}
{"message":{"EMAIL":"aibiyassine8@gmail.com","error":"Email and password d'ont match !","time":"2/10/2021 22:22:50"},"level":"info"}
{"message":{"EMAIL":"aibiyassin8@gmail.com","error":"user not found ith this email, please sign up","time":"2/10/2021 22:22:50"},"level":"info"}
{"message":{"EMAIL":"aibiyassine8@gmail.com","error":"Email and password d'ont match !","time":"2/10/2021 22:22:50"},"level":"info"}
{"message":{"EMAIL":"aibiyassine8@gmail.com","error":"Email and password d'ont match !","time":"2/10/2021 22:22:50"},"level":"info"}
{"message":{"ID":"6158d223c56f5238a83f7d38","EMAIL":"aibiyassine8@gmail.com","time":"2/10/2021 22:22:50"},"level":"info"}
{"message":{"EMAIL":"aibiyassine8@gmail.com","error":"Email and password d'ont match !","time":"2/10/2021 22:22:50"},"level":"info"}
{"message":{"EMAIL":"aibiyassine8@gmail.com","error":"Email and password d'ont match !","time":"2/10/2021 22:22:50"},"level":"info"}
{"message":{"ID":"6158d223c56f5238a83f7d38","EMAIL":"aibiyassine8@gmail.com","time":"2/10/2021 22:22:50"},"level":"info"}
{"message":{"ID":"6158d223c56f5238a83f7d38","EMAIL":"aibiyassine8@gmail.com","time":"2/10/2021 22:22:50"},"level":"info"}
{"message":{"ID":"6158d223c56f5238a83f7d38","EMAIL":"aibiyassine8@gmail.com","time":"2/10/2021 22:22:50"},"level":"info"}
{"message":{"ID":"6158d223c56f5238a83f7d38","EMAIL":"aibiyassine8@gmail.com","time":"2/10/2021 22:22:50"},"level":"info"}
{"message":{"ID":"6158d223c56f5238a83f7d38","EMAIL":"aibiyassine8@gmail.com","time":"2/10/2021 22:22:50"},"level":"info"}
{"message":{"ID":"6158d223c56f5238a83f7d38","EMAIL":"aibiyassine8@gmail.com","time":"2/10/2021 22:22:50"},"level":"info"}
{"message":{"ID":"6158d223c56f5238a83f7d38","EMAIL":"aibiyassine8@gmail.com","time":"2/10/2021 22:22:50"},"level":"info"}
{"message":{"ID":"6158d223c56f5238a83f7d38","EMAIL":"aibiyassine8@gmail.com","time":"2/10/2021 22:22:50"},"level":"info"}
{"message":{"ID":"6158d223c56f5238a83f7d38","EMAIL":"aibiyassine8@gmail.com","time":"2/10/2021 22:22:50"},"level":"info"}
{"message":{"ID":"6158d223c56f5238a83f7d38","EMAIL":"aibiyassine8@gmail.com","time":"2/10/2021 23:19:59"},"level":"info"}
{"message":{"ID":"6158d223c56f5238a83f7d38","EMAIL":"aibiyassine8@gmail.com","time":"2/10/2021 23:19:59"},"level":"info"}
{"message":{"ID":"6158d223c56f5238a83f7d38","EMAIL":"aibiyassine8@gmail.com","time":"2/10/2021 23:19:59"},"level":"info"}
{"message":{"ID":"6158dc57548ac94568c285e3","EMAIL":"aibiyassine8@gmail.com","time":"2/10/2021 23:23:17"},"level":"info"}
{"message":{"ID":"6158dc57548ac94568c285e3","EMAIL":"aibiyassine8@gmail.com","time":"2/10/2021 23:29:56"},"level":"info"}
{"message":{"ID":"6158dc57548ac94568c285e3","EMAIL":"aibiyassine8@gmail.com","time":"2/10/2021 23:29:56"},"level":"info"}
{"message":{"ID":"6158dee6dd597d68bc83c791","EMAIL":"aibiyassine8@gmail.com","time":"2/10/2021 23:29:56"},"level":"info"}
{"message":{"ID":"6158dee6dd597d68bc83c791","EMAIL":"aibiyassine8@gmail.com","time":"2/10/2021 23:29:56"},"level":"info"}
{"message":{"ID":"6158dee6dd597d68bc83c791","EMAIL":"aibiyassine8@gmail.com","time":"2/10/2021 23:29:56"},"level":"info"}
{"message":{"ID":"6158dee6dd597d68bc83c791","EMAIL":"aibiyassine8@gmail.com","time":"2/10/2021 23:29:56"},"level":"info"}
{"message":{"ID":"6158dee6dd597d68bc83c791","EMAIL":"aibiyassine8@gmail.com","time":"2/10/2021 23:29:56"},"level":"info"}
{"message":{"ID":"6158dee6dd597d68bc83c791","EMAIL":"aibiyassine8@gmail.com","time":"2/10/2021 23:29:56"},"level":"info"}
{"message":{"ID":"6158dee6dd597d68bc83c791","EMAIL":"aibiyassine8@gmail.com","time":"2/10/2021 23:42:4"},"level":"info"}
{"message":{"ID":"6158dee6dd597d68bc83c791","EMAIL":"aibiyassine8@gmail.com","time":"2/10/2021 23:42:4"},"level":"info"}
{"message":{"ID":"6158dee6dd597d68bc83c791","EMAIL":"aibiyassine8@gmail.com","time":"2/10/2021 23:42:4"},"level":"info"}
{"message":{"ID":"6158dee6dd597d68bc83c791","EMAIL":"aibiyassine8@gmail.com","time":"2/10/2021 23:42:4"},"level":"info"}
{"message":{"ID":"6158dee6dd597d68bc83c791","EMAIL":"aibiyassine8@gmail.com","time":"2/10/2021 23:42:4"},"level":"info"}
{"message":{"ID":"6158dee6dd597d68bc83c791","EMAIL":"aibiyassine8@gmail.com","time":"4/10/2021 13:20:22"},"level":"info"}
{"message":{"ID":"6158dee6dd597d68bc83c791","EMAIL":"aibiyassine8@gmail.com","time":"4/10/2021 13:20:22"},"level":"info"}
{"message":{"ID":"6158dee6dd597d68bc83c791","EMAIL":"aibiyassinee8@gmail.com","time":"4/10/2021 13:20:22"},"level":"info"}
{"message":{"ID":"6158dee6dd597d68bc83c791","EMAIL":"aibiyassinee8@gmail.com","time":"4/10/2021 14:3:54"},"level":"info"}
{"message":{"EMAIL":"aibiyassin8@gmail.com","error":"user not found ith this email, please sign up","time":"4/10/2021 16:54:3"},"level":"info"}
{"message":{"EMAIL":"aibiyassine8@gmail.com","error":"Email and password d'ont match !","time":"4/10/2021 16:54:3"},"level":"info"}
{"message":{"EMAIL":"aibiyassine8@gmail.com","error":"user not found ith this email, please sign up","time":"4/10/2021 17:3:1"},"level":"info"}
{"message":{"EMAIL":"aibiyassine8@gmail.com","error":"user not found ith this email, please sign up","time":"4/10/2021 17:3:1"},"level":"info"}
{"message":{"ID":"6158dee6dd597d68bc83c791","EMAIL":"aibiyassinee8@gmail.com","time":"4/10/2021 17:5:12"},"level":"info"}
{"message":{"ID":"6158dee6dd597d68bc83c791","EMAIL":"aibiyassinee8@gmail.com","time":"4/10/2021 17:5:12"},"level":"info"}
{"message":{"ID":"6158dee6dd597d68bc83c791","EMAIL":"aibiyassinee8@gmail.com","time":"4/10/2021 17:6:59"},"level":"info"}
{"message":{"ID":"615b2760fca90765544166dc","EMAIL":"aibiyassine8@gmail.com","time":"4/10/2021 17:6:59"},"level":"info"}
{"message":{"ID":"615b2760fca90765544166dc","EMAIL":"aibiyassine8@gmail.com","time":"4/10/2021 17:6:59"},"level":"info"}
{"message":{"ID":"615b2760fca90765544166dc","EMAIL":"aibiyassine8@gmail.com","time":"4/10/2021 17:6:59"},"level":"info"}
{"message":{"ID":"615b2760fca90765544166dc","EMAIL":"aibiyassine8@gmail.com","time":"4/10/2021 17:34:28"},"level":"info"}
{"message":{"ID":"615b2760fca90765544166dc","EMAIL":"aibiyassine8@gmail.com","time":"4/10/2021 17:35:17"},"level":"info"}
{"message":{"ID":"615b2760fca90765544166dc","EMAIL":"aibiyassine8@gmail.com","time":"4/10/2021 17:35:17"},"level":"info"}
{"message":{"ID":"615b2760fca90765544166dc","EMAIL":"aibiyassine8@gmail.com","time":"4/10/2021 17:35:17"},"level":"info"}
{"message":{"ID":"615b2760fca90765544166dc","EMAIL":"aibiyassine8@gmail.com","time":"4/10/2021 17:35:17"},"level":"info"}
{"message":{"ID":"615b4da1ed8e944a1830c3c1","EMAIL":"aibiyassine8@gmail.com","time":"4/10/2021 20:6:19"},"level":"info"}
{"message":{"EMAIL":"aibiyassine8@gmail.com","error":"Email and password d'ont match !","time":"4/10/2021 20:6:19"},"level":"info"}
{"message":{"ID":"615b4da1ed8e944a1830c3c1","EMAIL":"aibiyassine8@gmail.com","time":"4/10/2021 20:6:19"},"level":"info"}
{"message":{"ID":"615b4da1ed8e944a1830c3c1","EMAIL":"aibiyassine8@gmail.com","time":"4/10/2021 20:6:19"},"level":"info"}
{"message":{"ID":"615b4da1ed8e944a1830c3c1","EMAIL":"aibiyassine8@gmail.com","time":"4/10/2021 20:6:19"},"level":"info"}
{"message":{"ID":"615b4da1ed8e944a1830c3c1","EMAIL":"aibiyassine8@gmail.com","time":"4/10/2021 20:6:19"},"level":"info"}
{"message":{"ID":"615b4da1ed8e944a1830c3c1","EMAIL":"aibiyassine8@gmail.com","time":"4/10/2021 20:6:19"},"level":"info"}
{"message":{"ID":"615b4da1ed8e944a1830c3c1","EMAIL":"aibiyassine8@gmail.com","time":"4/10/2021 20:6:19"},"level":"info"}
{"message":{"ID":"615b4da1ed8e944a1830c3c1","EMAIL":"aibiyassine8@gmail.com","time":"4/10/2021 20:6:19"},"level":"info"}
{"message":{"EMAIL":"aibiyassine8@gmail.comB","error":"user not found ith this email, please sign up","time":"4/10/2021 20:6:19"},"level":"info"}
{"message":{"ID":"615b4da1ed8e944a1830c3c1","EMAIL":"aibiyassine8@gmail.com","time":"4/10/2021 20:6:19"},"level":"info"}
{"message":{"ID":"615b4da1ed8e944a1830c3c1","EMAIL":"aibiyassine8@gmail.com","time":"4/10/2021 20:10:11"},"level":"info"}
{"message":{"ID":"615b4da1ed8e944a1830c3c1","EMAIL":"aibiyassine8@gmail.com","time":"4/10/2021 20:12:43"},"level":"info"}
{"message":{"ID":"615b4da1ed8e944a1830c3c1","EMAIL":"aibiyassine8@gmail.com","time":"4/10/2021 20:14:47"},"level":"info"}
{"message":{"ID":"615b4da1ed8e944a1830c3c1","EMAIL":"aibiyassine8@gmail.com","time":"4/10/2021 20:14:47"},"level":"info"}
{"message":{"ID":"615b4da1ed8e944a1830c3c1","EMAIL":"aibiyassine8@gmail.com","time":"4/10/2021 20:14:47"},"level":"info"}
{"message":{"ID":"615b4da1ed8e944a1830c3c1","EMAIL":"aibiyassine8@gmail.com","time":"4/10/2021 20:14:47"},"level":"info"}
{"message":{"ID":"615b4da1ed8e944a1830c3c1","EMAIL":"aibiyassine8@gmail.com","time":"4/10/2021 20:14:47"},"level":"info"}
{"message":{"ID":"615b4da1ed8e944a1830c3c1","EMAIL":"aibiyassine8@gmail.com","time":"4/10/2021 20:14:47"},"level":"info"}
{"message":{"ID":"615b4da1ed8e944a1830c3c1","EMAIL":"aibiyassine8@gmail.com","time":"4/10/2021 20:48:29"},"level":"info"}
{"message":{"ID":"615b4da1ed8e944a1830c3c1","EMAIL":"aibiyassine8@gmail.com","time":"4/10/2021 20:51:47"},"level":"info"}
{"message":{"EMAIL":"aibiyassine8@gmail.com","error":"Email and password d'ont match !","time":"4/10/2021 20:54:43"},"level":"info"}
{"message":{"EMAIL":"aibiyassine8@gmail.com","error":"Email and password d'ont match !","time":"4/10/2021 20:54:43"},"level":"info"}
{"message":{"ID":"615b5ca96039106e50d750ce","EMAIL":"aibiyassine8@gmail.com","time":"4/10/2021 20:56:44"},"level":"info"}
{"message":{"EMAIL":"aibiyassine8@gmail.com","error":"Email and password d'ont match !","time":"4/10/2021 21:4:50"},"level":"info"}
{"message":{"ID":"615b5ca96039106e50d750ce","EMAIL":"aibiyassine8@gmail.com","time":"4/10/2021 21:4:50"},"level":"info"}
{"message":{"EMAIL":"aibiyassine8@gmail.com","error":"Email and password d'ont match !","time":"4/10/2021 21:4:50"},"level":"info"}
{"message":{"ID":"615b5ca96039106e50d750ce","EMAIL":"aibiyassine8@gmail.com","time":"4/10/2021 21:4:50"},"level":"info"}
{"message":{"ID":"615b5ca96039106e50d750ce","EMAIL":"aibiyassine8@gmail.com","time":"4/10/2021 21:9:3"},"level":"info"}
{"message":{"ID":"615b5ca96039106e50d750ce","EMAIL":"aibiyassine8@gmail.com","time":"4/10/2021 21:9:3"},"level":"info"}
{"message":{"ID":"615b5ca96039106e50d750ce","EMAIL":"aibiyassine8@gmail.com","time":"4/10/2021 21:9:3"},"level":"info"}
{"message":{"ID":"615b5ca96039106e50d750ce","EMAIL":"aibiyassine8@gmail.com","time":"5/10/2021 10:6:5"},"level":"info"}
{"message":{"EMAIL":"aibiyassine8@gmail.com","error":"Email and password d'ont match !","time":"5/10/2021 10:14:2"},"level":"info"}
{"message":{"ID":"615b5ca96039106e50d750ce","EMAIL":"aibiyassine8@gmail.com","time":"5/10/2021 10:14:2"},"level":"info"}
{"message":{"EMAIL":"aibiyassine8@gmail.com","error":"Email and password d'ont match !","time":"5/10/2021 10:14:2"},"level":"info"}
{"message":{"EMAIL":"aibiyassine8@gmail.com","error":"Email and password d'ont match !","time":"5/10/2021 10:14:2"},"level":"info"}
{"message":{"ID":"615b5ca96039106e50d750ce","EMAIL":"aibiyassine8@gmail.com","time":"5/10/2021 10:14:2"},"level":"info"}
{"message":{"ID":"615b5ca96039106e50d750ce","EMAIL":"aibiyassine8@gmail.com","time":"5/10/2021 10:14:2"},"level":"info"}
{"message":{"ID":"615b5ca96039106e50d750ce","EMAIL":"aibiyassine8@gmail.com","time":"5/10/2021 10:14:2"},"level":"info"}
{"message":{"EMAIL":"aibiyassine8@gmail.com","error":"Email and password d'ont match !","time":"5/10/2021 10:14:2"},"level":"info"}
{"message":{"ID":"615b5ca96039106e50d750ce","EMAIL":"aibiyassine8@gmail.com","time":"5/10/2021 10:14:2"},"level":"info"}
{"message":{"ID":"615b5ca96039106e50d750ce","EMAIL":"aibiyassine8@gmail.com","time":"5/10/2021 10:14:2"},"level":"info"}
{"message":{"ID":"615b5ca96039106e50d750ce","EMAIL":"aibiyassine8@gmail.com","time":"5/10/2021 10:14:2"},"level":"info"}
{"message":{"ID":"615b5ca96039106e50d750ce","EMAIL":"aibiyassine8@gmail.com","time":"5/10/2021 10:14:2"},"level":"info"}
{"message":{"ID":"615b5ca96039106e50d750ce","EMAIL":"aibiyassine8@gmail.com","time":"5/10/2021 10:14:2"},"level":"info"}
{"message":{"ID":"615b5ca96039106e50d750ce","EMAIL":"aibiyassine8@gmail.com","time":"5/10/2021 10:14:2"},"level":"info"}
{"message":{"ID":"615b5ca96039106e50d750ce","EMAIL":"aibiyassine8@gmail.com","time":"5/10/2021 10:14:2"},"level":"info"}
{"message":{"ID":"615b5ca96039106e50d750ce","EMAIL":"aibiyassine8@gmail.com","time":"5/10/2021 10:14:2"},"level":"info"}
{"message":{"ID":"615b5ca96039106e50d750ce","EMAIL":"aibiyassine8@gmail.com","time":"5/10/2021 10:14:2"},"level":"info"}
{"message":{"ID":"615b5ca96039106e50d750ce","EMAIL":"aibiyassine8@gmail.com","time":"5/10/2021 10:14:2"},"level":"info"}
{"message":{"ID":"615cbd0897c6a33db80fe1ea","EMAIL":"aibiyassine8@gmail.com","time":"5/10/2021 20:31:50"},"level":"info"}
{"message":{"ID":"615cbd0897c6a33db80fe1ea","EMAIL":"aibiyassine8@gmail.com","time":"5/10/2021 22:26:6"},"level":"info"}
{"message":{"ID":"615cbd0897c6a33db80fe1ea","EMAIL":"aibiyassine8@gmail.com","time":"5/10/2021 22:26:6"},"level":"info"}
{"message":{"ID":"615cbd0897c6a33db80fe1ea","EMAIL":"aibiyassine8@gmail.com","time":"5/10/2021 22:26:6"},"level":"info"}
{"message":{"ID":"615cbd0897c6a33db80fe1ea","EMAIL":"aibiyassine8@gmail.com","time":"5/10/2021 22:26:6"},"level":"info"}
{"message":{"ID":"615cbd0897c6a33db80fe1ea","EMAIL":"aibiyassine8@gmail.com","time":"5/10/2021 22:26:6"},"level":"info"}
{"message":{"ID":"615d9bd7efe7db1b984758f5","EMAIL":"aibiyassine8@gmail.com","time":"6/10/2021 13:49:2"},"level":"info"}
{"message":{"ID":"615d9bd7efe7db1b984758f5","EMAIL":"aibiyassine8@gmail.com","time":"6/10/2021 13:49:2"},"level":"info"}
{"message":{"ID":"615d9bd7efe7db1b984758f5","EMAIL":"aibiyassine8@gmail.com","time":"6/10/2021 13:49:2"},"level":"info"}
{"message":{"ID":"615d9bd7efe7db1b984758f5","EMAIL":"aibiyassine8@gmail.com","time":"6/10/2021 17:50:16"},"level":"info"}
{"message":{"ID":"615d9bd7efe7db1b984758f5","EMAIL":"aibiyassine8@gmail.com","time":"6/10/2021 18:39:19"},"level":"info"}
{"message":{"ID":"615d9bd7efe7db1b984758f5","EMAIL":"aibiyassine8@gmail.com","time":"6/10/2021 18:40:43"},"level":"info"}
{"message":{"ID":"615d9bd7efe7db1b984758f5","EMAIL":"aibiyassine8@gmail.com","time":"6/10/2021 18:40:43"},"level":"info"}
{"message":{"ID":"615d9bd7efe7db1b984758f5","EMAIL":"aibiyassine8@gmail.com","time":"6/10/2021 18:40:43"},"level":"info"}
{"message":{"ID":"615d9bd7efe7db1b984758f5","EMAIL":"aibiyassine8@gmail.com","time":"6/10/2021 18:40:43"},"level":"info"}
{"message":{"ID":"615d9bd7efe7db1b984758f5","EMAIL":"aibiyassine8@gmail.com","time":"6/10/2021 18:40:43"},"level":"info"}
{"message":{"ID":"615d9bd7efe7db1b984758f5","EMAIL":"aibiyassine8@gmail.com","time":"6/10/2021 18:40:43"},"level":"info"}
{"message":{"ID":"615d9bd7efe7db1b984758f5","EMAIL":"aibiyassine8@gmail.com","time":"6/10/2021 18:40:43"},"level":"info"}
{"message":{"ID":"615d9bd7efe7db1b984758f5","EMAIL":"aibiyassine8@gmail.com","time":"7/10/2021 12:42:3"},"level":"info"}
{"message":{"EMAIL":"aibiyassine8@gmail.com","error":"Email and password d'ont match !","time":"7/10/2021 12:42:3"},"level":"info"}
{"message":{"EMAIL":"aibiyassine8@gmail.com","error":"Email and password d'ont match !","time":"7/10/2021 12:45:24"},"level":"info"}
{"message":{"EMAIL":"aibiyassine8@gmail.co","error":"user not found ith this email, please sign up","time":"7/10/2021 12:45:24"},"level":"info"}
{"message":{"ID":"615d9bd7efe7db1b984758f5","EMAIL":"aibiyassine8@gmail.com","time":"7/10/2021 12:45:24"},"level":"info"}
{"message":{"EMAIL":"aibiyassine8@gmail.com","error":"Email and password d'ont match !","time":"7/10/2021 12:45:24"},"level":"info"}
{"message":{"EMAIL":"aibiyassine8@gmail.co","error":"user not found ith this email, please sign up","time":"7/10/2021 12:45:24"},"level":"info"}
{"message":{"ID":"615d9bd7efe7db1b984758f5","EMAIL":"aibiyassine8@gmail.com","time":"7/10/2021 12:45:24"},"level":"info"}
{"message":{"ID":"615d9bd7efe7db1b984758f5","EMAIL":"aibiyassine8@gmail.com","time":"7/10/2021 12:45:24"},"level":"info"}
{"message":{"ID":"615d9bd7efe7db1b984758f5","EMAIL":"aibiyassine8@gmail.com","time":"8/10/2021 10:5:28"},"level":"info"}
{"message":{"ID":"616360fca0a297895c66cad3","EMAIL":"aibiyassin8@gmail.com","time":"10/10/2021 22:47:28"},"level":"info"}
{"message":{"ID":"616360fca0a297895c66cad3","EMAIL":"aibiyassin8@gmail.com","time":"10/10/2021 22:47:28"},"level":"info"}
{"message":{"ID":"616360fca0a297895c66cad3","EMAIL":"aibiyassin8@gmail.com","time":"10/10/2021 22:47:28"},"level":"info"}
{"message":{"ID":"616360fca0a297895c66cad3","EMAIL":"aibiyassin8@gmail.com","time":"10/10/2021 22:47:28"},"level":"info"}
{"message":{"ID":"616360fca0a297895c66cad3","EMAIL":"aibiyassin8@gmail.com","time":"10/10/2021 22:47:28"},"level":"info"}
{"message":{"ID":"616360fca0a297895c66cad3","EMAIL":"aibiyassin8@gmail.com","time":"10/10/2021 22:47:28"},"level":"info"}
{"message":{"ID":"616360fca0a297895c66cad3","EMAIL":"aibiyassin8@gmail.com","time":"10/10/2021 22:47:28"},"level":"info"}
{"message":{"ID":"616360fca0a297895c66cad3","EMAIL":"aibiyassin8@gmail.com","time":"10/10/2021 22:47:28"},"level":"info"}
{"message":{"ID":"6163742da0a297895c66cae0","EMAIL":"aibiyassin8@gmail.com","time":"10/10/2021 22:47:28"},"level":"info"}
{"message":{"ID":"6163742da0a297895c66cae0","EMAIL":"aibiyassin8@gmail.com","time":"10/10/2021 22:47:28"},"level":"info"}
{"message":{"ID":"616377f16c033c826473296d","EMAIL":"aibiyassin8@gmail.com","time":"11/10/2021 0:22:20"},"level":"info"}
{"message":{"ID":"616377f16c033c826473296d","EMAIL":"aibiyassin8@gmail.com","time":"11/10/2021 0:22:20"},"level":"info"}
{"message":{"ID":"616377f16c033c826473296d","EMAIL":"aibiyassin8@gmail.com","time":"11/10/2021 0:37:1"},"level":"info"}
{"message":{"ID":"616377f16c033c826473296d","EMAIL":"aibiyassin8@gmail.com","time":"11/10/2021 0:37:1"},"level":"info"}
{"message":{"ID":"616377f16c033c826473296d","EMAIL":"aibiyassin8@gmail.com","time":"11/10/2021 0:37:1"},"level":"info"}
{"message":{"ID":"616377f16c033c826473296d","EMAIL":"aibiyassin8@gmail.com","time":"11/10/2021 0:37:1"},"level":"info"}
{"message":{"ID":"616377f16c033c826473296d","EMAIL":"aibiyassin8@gmail.com","time":"11/10/2021 0:37:1"},"level":"info"}
{"message":{"ID":"616377f16c033c826473296d","EMAIL":"aibiyassin8@gmail.com","time":"11/10/2021 0:37:1"},"level":"info"}
{"message":{"ID":"61637a592ce633892019151b","EMAIL":"aibiyassin29@gmail.com","time":"11/10/2021 0:37:1"},"level":"info"}
{"message":{"ID":"61637a592ce633892019151b","EMAIL":"aibiyassin29@gmail.com","time":"11/10/2021 0:37:1"},"level":"info"}
{"message":{"ID":"61637ac92ce633892019151c","EMAIL":"aibiyassin8@gmail.com","time":"11/10/2021 0:37:1"},"level":"info"}
{"message":{"ID":"61637ac92ce633892019151c","EMAIL":"aibiyassin8@gmail.com","time":"11/10/2021 0:37:1"},"level":"info"}
{"message":{"ID":"61637ac92ce633892019151c","EMAIL":"aibiyassin8@gmail.com","time":"11/10/2021 0:37:1"},"level":"info"}
{"message":{"ID":"61637ac92ce633892019151c","EMAIL":"aibiyassin8@gmail.com","time":"11/10/2021 0:37:1"},"level":"info"}
{"message":{"ID":"61637ac92ce633892019151c","EMAIL":"aibiyassin8@gmail.com","time":"11/10/2021 0:37:1"},"level":"info"}
{"message":{"ID":"61637ac92ce633892019151c","EMAIL":"aibiyassin8@gmail.com","time":"11/10/2021 0:37:1"},"level":"info"}
{"message":{"ID":"61637ac92ce633892019151c","EMAIL":"aibiyassin8@gmail.com","time":"11/10/2021 0:37:1"},"level":"info"}
{"message":{"ID":"61637ac92ce633892019151c","EMAIL":"aibiyassin8@gmail.com","time":"11/10/2021 0:37:1"},"level":"info"}
{"message":{"ID":"61637ac92ce633892019151c","EMAIL":"aibiyassin8@gmail.com","time":"11/10/2021 0:37:1"},"level":"info"}
{"message":{"ID":"61637ac92ce633892019151c","EMAIL":"aibiyassin8@gmail.com","time":"11/10/2021 0:37:1"},"level":"info"}
{"message":{"ID":"61637ac92ce633892019151c","EMAIL":"aibiyassin8@gmail.com","time":"11/10/2021 0:37:1"},"level":"info"}
{"message":{"ID":"61637ac92ce633892019151c","EMAIL":"aibiyassin8@gmail.com","time":"11/10/2021 0:37:1"},"level":"info"}
{"message":{"ID":"61637ac92ce633892019151c","EMAIL":"aibiyassin8@gmail.com","time":"11/10/2021 0:37:1"},"level":"info"}
{"message":{"ID":"61637ac92ce633892019151c","EMAIL":"aibiyassin8@gmail.com","time":"11/10/2021 0:37:1"},"level":"info"}
{"message":{"ID":"61637ac92ce633892019151c","EMAIL":"aibiyassin8@gmail.com","time":"11/10/2021 0:37:1"},"level":"info"}
{"message":{"ID":"61637ac92ce633892019151c","EMAIL":"aibiyassin8@gmail.com","time":"11/10/2021 0:37:1"},"level":"info"}
{"message":{"ID":"61637ac92ce633892019151c","EMAIL":"aibiyassin8@gmail.com","time":"11/10/2021 0:54:44"},"level":"info"}
{"message":{"ID":"61637ac92ce633892019151c","EMAIL":"aibiyassin8@gmail.com","time":"11/10/2021 0:54:44"},"level":"info"}
{"message":{"ID":"61637ac92ce633892019151c","EMAIL":"aibiyassin8@gmail.com","time":"11/10/2021 0:54:44"},"level":"info"}
{"message":{"ID":"61637ac92ce633892019151c","EMAIL":"aibiyassin8@gmail.com","time":"11/10/2021 0:54:44"},"level":"info"}
{"message":{"ID":"61637ac92ce633892019151c","EMAIL":"aibiyassin8@gmail.com","time":"11/10/2021 0:54:44"},"level":"info"}
{"message":{"ID":"61637ac92ce633892019151c","EMAIL":"aibiyassin8@gmail.com","time":"11/10/2021 0:54:44"},"level":"info"}
{"message":{"ID":"61637ac92ce633892019151c","EMAIL":"aibiyassin8@gmail.com","time":"11/10/2021 0:54:44"},"level":"info"}
{"message":{"EMAIL":"aibiyassin29@gmail.com","error":"Email and password d'ont match !","time":"11/10/2021 1:43:2"},"level":"info"}
{"message":{"EMAIL":"aibiyassin29@gmail.com","error":"Email and password d'ont match !","time":"11/10/2021 1:43:2"},"level":"info"}
{"message":{"ID":"6163803ab968716d809a90c3","EMAIL":"aibiyassin29@gmail.com","time":"11/10/2021 1:43:2"},"level":"info"}
{"message":{"ID":"6163803ab968716d809a90c3","EMAIL":"aibiyassin29@gmail.com","time":"11/10/2021 1:43:2"},"level":"info"}
{"message":{"ID":"61660617d13e6a6168d9f000","EMAIL":"aibiyassin8@gmail.com","time":"12/10/2021 22:56:39"},"level":"info"}
{"message":{"ID":"61660617d13e6a6168d9f000","EMAIL":"aibiyassin8@gmail.com","time":"12/10/2021 23:13:6"},"level":"info"}
{"message":{"ID":"61660617d13e6a6168d9f000","EMAIL":"aibiyassin8@gmail.com","time":"12/10/2021 23:21:35"},"level":"info"}
{"message":{"ID":"61660617d13e6a6168d9f000","EMAIL":"aibiyassin8@gmail.com","time":"12/10/2021 23:21:35"},"level":"info"}
{"message":{"ID":"61660617d13e6a6168d9f000","EMAIL":"aibiyassin8@gmail.com","time":"12/10/2021 23:21:35"},"level":"info"}
{"message":{"ID":"61660617d13e6a6168d9f000","EMAIL":"aibiyassin8@gmail.com","time":"12/10/2021 23:21:35"},"level":"info"}
{"message":{"ID":"61660617d13e6a6168d9f000","EMAIL":"aibiyassin8@gmail.com","time":"12/10/2021 23:21:35"},"level":"info"}
{"message":{"ID":"61660617d13e6a6168d9f000","EMAIL":"aibiyassin8@gmail.com","time":"12/10/2021 23:34:1"},"level":"info"}
{"message":{"ID":"61660617d13e6a6168d9f000","EMAIL":"aibiyassin8@gmail.com","time":"12/10/2021 23:51:2"},"level":"info"}
{"message":{"ID":"6166181038beb569b05cdaf6","EMAIL":"aibiyassin8@gmail.com","time":"13/10/2021 0:4:40"},"level":"info"}
{"message":{"ID":"6166181038beb569b05cdaf6","EMAIL":"aibiyassin8@gmail.com","time":"13/10/2021 0:4:40"},"level":"info"}
{"message":{"ID":"6166181038beb569b05cdaf6","EMAIL":"aibiyassin8@gmail.com","time":"13/10/2021 0:4:40"},"level":"info"}
{"message":{"ID":"6166181038beb569b05cdaf6","EMAIL":"aibiyassin8@gmail.com","time":"13/10/2021 0:4:40"},"level":"info"}
{"message":{"EMAIL":"aibiyasin8@gmail.com","error":"user not found ith this email, please sign up","time":"13/10/2021 0:30:48"},"level":"info"}
{"message":{"ID":"6166181038beb569b05cdaf6","EMAIL":"aibiyassin8@gmail.com","time":"13/10/2021 0:30:48"},"level":"info"}
{"message":{"ID":"61661d7caca6201150db61e5","EMAIL":"aibiyassin8@gmail.com","time":"13/10/2021 0:38:58"},"level":"info"}
{"message":{"ID":"61661d7caca6201150db61e5","EMAIL":"aibiyassin8@gmail.com","time":"13/10/2021 10:51:11"},"level":"info"}
{"message":{"ID":"6166bdbb74c5e629b29130f8","EMAIL":"faical@gmail.com","time":"13/10/2021 13:44:55"},"level":"info"}
{"message":{"ID":"6166bdbb74c5e629b29130f8","EMAIL":"faical@gmail.com","time":"13/10/2021 13:44:55"},"level":"info"}
{"message":{"ID":"6166bdbb74c5e629b29130f8","EMAIL":"faical@gmail.com","time":"13/10/2021 13:44:55"},"level":"info"}
{"message":{"ID":"6166bdbb74c5e629b29130f8","EMAIL":"faical@gmail.com","time":"13/10/2021 13:44:55"},"level":"info"}
{"message":{"ID":"6166bdbb74c5e629b29130f8","EMAIL":"faical@gmail.com","time":"13/10/2021 13:44:55"},"level":"info"}
{"message":{"ID":"6166bdbb74c5e629b29130f8","EMAIL":"faical@gmail.com","time":"13/10/2021 13:44:55"},"level":"info"}
{"message":{"EMAIL":"aibiyassin8@gmail.com","error":"user not found ith this email, please sign up","time":"15/10/2021 21:28:31"},"level":"info"}
{"message":{"ID":"6169e5b39a64e62cd0ca333a","EMAIL":"aibiyassine8@gmail.com","time":"15/10/2021 21:28:31"},"level":"info"}
{"message":{"ID":"6169e6e99a64e62cd0ca333b","EMAIL":"aibiyassinee8@gmail.com","time":"15/10/2021 21:28:31"},"level":"info"}
{"message":{"ID":"6169e6e99a64e62cd0ca333b","EMAIL":"aibiyassinee8@gmail.com","time":"15/10/2021 21:28:31"},"level":"info"}
{"message":{"EMAIL":"aibiyasine8@gmail.com","error":"user not found ith this email, please sign up","time":"30/10/2021 0:6:53"},"level":"info"}
{"message":{"EMAIL":"aibiyasine8@gmail.com","error":"user not found ith this email, please sign up","time":"30/10/2021 0:6:53"},"level":"info"}
{"message":{"EMAIL":"aibiyasine8@gmail.com","error":"user not found ith this email, please sign up","time":"30/10/2021 0:6:53"},"level":"info"}
{"message":{"EMAIL":"aibiyasine8@gmail.com","error":"user not found ith this email, please sign up","time":"30/10/2021 0:6:53"},"level":"info"}
{"message":{"EMAIL":"aibiyasine8@gmail.com","error":"user not found ith this email, please sign up","time":"30/10/2021 0:6:53"},"level":"info"}
{"message":{"EMAIL":"aibiyasine8@gmail.com","error":"user not found ith this email, please sign up","time":"30/10/2021 0:6:53"},"level":"info"}
{"message":{"EMAIL":"aibiyasine8@gmail.com","error":"user not found ith this email, please sign up","time":"30/10/2021 0:6:53"},"level":"info"}
{"message":{"ID":"617c272dd8508f4a0cd62412","EMAIL":"aibiyasine8@gmail.com","time":"30/10/2021 0:9:11"},"level":"info"}
{"message":{"EMAIL":"login@searchcept.com","error":"user not found ith this email, please sign up","time":"30/10/2021 1:12:49"},"level":"info"}
{"message":{"EMAIL":"login@searchcept.com","error":"user not found ith this email, please sign up","time":"30/10/2021 1:12:49"},"level":"info"}
{"message":{"ID":"617c272dd8508f4a0cd62412","EMAIL":"aibiyasine8@gmail.com","time":"30/10/2021 1:12:49"},"level":"info"}
